<?xml version="1.0" encoding="UTF-8"?>
<testng-results ignored="0" total="1" passed="1" failed="0" skipped="0">
  <reporter-output>
  </reporter-output>
  <suite started-at="2023-11-12T16:25:37 EET" name="Default suite" finished-at="2023-11-12T16:26:27 EET" duration-ms="49344">
    <groups>
    </groups>
    <test started-at="2023-11-12T16:25:37 EET" name="Default test" finished-at="2023-11-12T16:26:27 EET" duration-ms="49344">
      <class name="SwagLap.SwagLap">
        <test-method is-config="true" signature="MySetUp()[pri:0, instance:SwagLap.SwagLap@1c80e49b]" started-at="2023-11-12T16:25:38 EET" name="MySetUp" finished-at="2023-11-12T16:25:38 EET" duration-ms="259" status="PASS">
          <reporter-output>
          </reporter-output>
        </test-method> <!-- MySetUp -->
        <test-method is-config="true" signature="mySetup()[pri:0, instance:SwagLap.SwagLap@1c80e49b]" started-at="2023-11-12T16:25:38 EET" name="mySetup" finished-at="2023-11-12T16:25:42 EET" duration-ms="4249" status="PASS">
          <reporter-output>
          </reporter-output>
        </test-method> <!-- mySetup -->
        <test-method signature="Magento()[pri:0, instance:SwagLap.SwagLap@1c80e49b]" started-at="2023-11-12T16:25:42 EET" name="Magento" finished-at="2023-11-12T16:26:27 EET" duration-ms="44235" status="PASS">
          <reporter-output>
          </reporter-output>
        </test-method> <!-- Magento -->
        <test-method is-config="true" signature="myPostTesting()[pri:0, instance:SwagLap.SwagLap@1c80e49b]" started-at="2023-11-12T16:26:27 EET" name="myPostTesting" finished-at="2023-11-12T16:26:27 EET" duration-ms="99" status="PASS">
          <reporter-output>
          </reporter-output>
        </test-method> <!-- myPostTesting -->
      </class> <!-- SwagLap.SwagLap -->
    </test> <!-- Default test -->
  </suite> <!-- Default suite -->
</testng-results>
